{"level":"error","message":"RUTA:  /api/basket/:id || METODO: get"}
{"level":"warn","message":"RUTA: /signup || METODO: post"}
{"level":"error","message":"RUTA: /api/login || METODO: get"}
{"level":"error","message":"RUTA: /api/login || METODO: get"}
{"level":"warn","message":"RUTA: /signup || METODO: post"}
{"level":"error","message":"RUTA: /api/login || METODO: get"}
{"level":"error","message":"RUTA: /api/login || METODO: get"}
{"level":"error","message":"RUTA: /api/login || METODO: get"}
{"level":"error","message":"RUTA: /api/login || METODO: get"}
{"level":"warn","message":"RUTA: /signup || METODO: post"}
{"level":"error","message":"RUTA: /api/login || METODO: get"}
{"level":"error","message":"RUTA: /api/login || METODO: get"}
{"level":"error","message":"RUTA: /api/login || METODO: get"}
{"level":"error","message":"RUTA: /api/products/:id || METODO: put"}
{"level":"error","message":"RUTA:  /api/basket/:id || METODO: get"}
{"level":"error","message":"RUTA:  /api/basket/:id || METODO: get"}
{"level":"error","message":"RUTA:  /api/basket/:id || METODO: get"}
{"level":"error","message":"RUTA:  /api/basket/:id || METODO: get"}
{"level":"error","message":"RUTA:  /api/basket/:id || METODO: get"}
{"level":"error","message":"RUTA:  /api/basket/:id || METODO: get"}
{"level":"error","message":"RUTA:  /api/basket/:id || METODO: get"}
{"level":"error","message":"RUTA:  /api/basket/:id || METODO: get"}
{"level":"error","message":"RUTA:  /api/basket/:id || METODO: get"}
{"level":"error","message":"RUTA:  /api/basket/:id || METODO: get"}
{"level":"error","message":"RUTA:  /api/basket/:id || METODO: get"}
{"level":"error","message":"RUTA:  /api/basket/:id || METODO: get"}
{"level":"error","message":"RUTA:  /api/basket/:id || METODO: get"}
{"level":"error","message":"RUTA:  /api/basket/:id || METODO: get"}
{"level":"error","message":"RUTA:  /api/basket/:id || METODO: get"}
{"code":"ESOCKET","command":"CONN","level":"error"}
{"level":"warn","message":"RUTA: /signup || METODO: post"}
{"code":"ESOCKET","command":"CONN","level":"error"}
{"level":"error","message":"RUTA: /api/login || METODO: get"}
{"level":"error","message":"RUTA: /api/login || METODO: get"}
{"level":"error","message":"RUTA: /api/login || METODO: get"}
{"code":"ESOCKET","command":"CONN","level":"error"}
{"code":"ESOCKET","command":"CONN","level":"error"}
{"level":"warn","message":"RUTA: /signup || METODO: post"}
{"level":"warn","message":"RUTA: /signup || METODO: post"}
{"level":"warn","message":"RUTA: /signup || METODO: post"}
{"level":"warn","message":"RUTA: /signup || METODO: post"}
{"level":"warn","message":"RUTA: /signup || METODO: post"}
{"level":"warn","message":"RUTA: /signup || METODO: post"}
{"level":"warn","message":"RUTA: /signup || METODO: post"}
{"level":"warn","message":"RUTA: /signup || METODO: post"}
{"level":"warn","message":"RUTA: /signup || METODO: post"}
{"level":"warn","message":"RUTA: /signup || METODO: post"}
{"level":"warn","message":"RUTA: /signup || METODO: post"}
{"level":"warn","message":"RUTA: /signup || METODO: post"}
{"level":"error"}
{"level":"error"}
{"level":"error"}
{"level":"error"}
{"level":"error"}
{"level":"error"}
{"level":"error"}
{"level":"error","message":"RUTA:  /api/basket/:id || METODO: get"}
{"level":"error"}
{"level":"error"}
{"level":"warn","message":"RUTA: /signup || METODO: post"}
{"level":"error"}
{"level":"error"}
{"level":"error"}
{"level":"error"}
{"level":"error"}
{"level":"error"}
{"level":"error"}
{"level":"error"}
{"level":"error"}
{"level":"error"}
{"level":"error"}
{"level":"error"}
{"level":"error"}
{"level":"error"}
{"level":"error"}
{"level":"error"}
{"level":"error"}
{"level":"error"}
{"level":"error"}
{"level":"error"}
{"level":"error"}
{"level":"error"}
{"level":"error"}
{"level":"error"}
{"level":"error"}
{"level":"error"}
{"level":"error"}
{"level":"error"}
{"level":"error"}
{"level":"error"}
{"level":"error"}
{"level":"error"}
{"level":"error"}
{"level":"error"}
{"level":"error"}
{"level":"error"}
{"level":"error"}
{"level":"error"}
{"level":"error"}
{"level":"error"}
{"level":"error"}
{"level":"error"}
{"level":"error"}
{"level":"error"}
{"level":"error"}
{"level":"error"}
{"level":"error"}
{"level":"error"}
{"level":"error"}
{"level":"error"}
{"level":"error"}
{"level":"error","message":"RUTA:  /api/basket/ || METODO: post"}
{"level":"error","message":"RUTA:  /api/basket/ || METODO: post"}
{"level":"error","message":"RUTA:  /api/basket/ || METODO: post"}
{"level":"error","message":"RUTA:  /api/basket/ || METODO: post"}
{"level":"error","message":"RUTA:  /api/basket/ || METODO: post"}
{"level":"error","message":"RUTA:  /api/basket/ || METODO: post"}
{"level":"error","message":"RUTA:  /api/basket/ || METODO: post"}
